{
  "createTime": 98.17400002479553,
  "totalTime": 111.25300002098083
}
{
  "createTime": 112.66799998283386,
  "totalTime": 126.00500011444092
}
{
  "createTime": 104.15500020980835,
  "totalTime": 130.04900002479553
}
{
  "createTime": 110.17900013923645,
  "totalTime": 123.64499998092651
}
{
  "createTime": 95.01100015640259,
  "totalTime": 108
}
{
  "createTime": 99.48000001907349,
  "totalTime": 112.47200012207031
}
{
  "createTime": 111.1470000743866,
  "totalTime": 124.41799998283386
}
{
  "createTime": 95.32200002670288,
  "totalTime": 108.38000011444092
}
{
  "createTime": 113.96600008010864,
  "totalTime": 127.05700016021729
}
{
  "createTime": 87.51900005340576,
  "totalTime": 111.07599997520447
}
